Abe
Abe's
Abel
Abel's
Abelard
Abelard's
Abelson
Abelson's
Aberdeen
Aberdeen's
Abernathy
Abernathy's
Achebe
Achebe's
Albee
Albee's
Alberio
Alberio's
Albert
Albert's
Alberta
Alberta's
Alberto
Alberto's
Alembert
Alembert's
Amber
Amber's
Anabel
Anabel's
Annabel
Annabel's
Annabelle
Annabelle's
Babel
Babel's
Babels
Barber
Barber's
Beebe
Beebe's
Beiderbecke
Beiderbecke's
Berber
Berber's
Berbers
Blackbeard
Blackbeard's
Bluebeard
Bluebeard's
Brubeck
Brubeck's
Buber
Buber's
Cabernet
Cabernet's
Camembert
Camembert's
Camemberts
Campbell
Campbell's
Canberra
Canberra's
Caribbean
Caribbeans
Celebes
Celebes's
Cerberus
Cerberus's
Chamberlain
Chamberlain's
Chambers
Chambers's
Colbert
Colbert's
Courbet
Courbet's
Crabbe
Crabbe's
Culbertson
Culbertson's
Cumberland
Cumberland's
Cybele
Cybele's
Danube
Danube's
December
December's
Decembers
Delbert
Delbert's
Delibes
Delibes's
Dilbert
Dilbert's
Doberman
Dushanbe
Dushanbe's
Eben
Eben's
Ebeneezer
Ebeneezer's
Ebert
Ebert's
Ehrenberg
Ehrenberg's
Elbe
Elbe's
Elbert
Elbert's
Elisabeth
Elisabeth's
Elizabeth
Elizabeth's
Elizabethan
Elizabethans
Fabergé
Ferber
Ferber's
Fiberglas
Fiberglas's
Flaubert
Flaubert's
Forbes
Forbes's
Frisbee
Frisbee's
Frisbees
Frostbelt
Gerber
Gerber's
Ghibelline
Ghibelline's
Gilbert
Gilbert's
Gilberto
Gilberto's
Ginsberg
Ginsberg's
Goebbels
Goebbels's
Goldberg
Goldberg's
Gumbel
Gumbel's
Gutenberg
Gutenberg's
Haber
Haber's
Hebe
Hebe's
Hebert
Hebert's
Heidelberg
Heidelberg's
Heisenberg
Heisenberg's
Herbert
Herbert's
Heriberto
Heriberto's
Hibernia
Hibernia's
Hilbert
Hilbert's
Hobbes
Hobbes's
Holbein
Holbein's
Huber
Huber's
Hubert
Hubert's
Humberto
Humberto's
Iberia
Iberia's
Iberian
Iberian's
Isabel
Isabel's
Isabella
Isabella's
Isabelle
Isabelle's
Jacobean
Jarlsberg
Jezebel
Jezebel's
Jezebels
Khyber
Khyber's
Kimberley
Kimberley's
Kimberly
Kimberly's
Kobe
Kobe's
Kornberg
Kornberg's
Lambert
Lambert's
Latrobe
Latrobe's
Leadbelly
Leadbelly's
Lebesgue
Lebesgue's
Lederberg
Lederberg's
Liberace
Liberace's
Liberia
Liberia's
Liberian
Liberians
Lieberman
Lieberman's
Lindbergh
Lindbergh's
Mabel
Mabel's
Macbeth
Macbeth's
Maccabeus
Maccabeus's
Maribel
Maribel's
Meyerbeer
Meyerbeer's
Micawber
Micawber's
Mirabeau
Mirabeau's
Mugabe
Mugabe's
Nibelung
Nibelung's
Niobe
Niobe's
Nirenberg
Nirenberg's
Nobel
Nobel's
Nobelist
Nobelist's
Nobelists
Norbert
Norbert's
Norberto
Norberto's
November
November's
Novembers
Numbers
Numbers's
Nuremberg
Nuremberg's
Oberlin
Oberlin's
Oberon
Oberon's
October
October's
Octobers
Okeechobee
Okeechobee's
Oktoberfest
Osbert
Osbert's
Phoebe
Phoebe's
Quebec
Quebec's
Québecois
Rabelais
Rabelais's
Rabelaisian
Rebecca
Rebecca's
Rebekah
Rebekah's
Reuben
Reuben's
Ribbentrop
Ribbentrop's
Rigoberto
Rigoberto's
Roberson
Roberson's
Robert
Robert's
Roberta
Roberta's
Roberto
Roberto's
Roberts
Robertson
Robertson's
Robeson
Robeson's
Robespierre
Robespierre's
Rochambeau
Rochambeau's
Roddenberry
Roddenberry's
Rosenberg
Rosenberg's
Rubbermaid
Rubbermaid's
Ruben
Ruben's
Rubens
Rustbelt
Rustbelt's
Rydberg
Rydberg's
Schnabel
Schnabel's
Schoenberg
Schoenberg's
Schubert
Schubert's
Seebeck
Seebeck's
September
September's
Septembers
Shebeli
Shebeli's
Sibelius
Sibelius's
Siberia
Siberia's
Siberian
Snowbelt
Snowbelts
Spielberg
Spielberg's
Spitsbergen
Spitsbergen's
Steinbeck
Steinbeck's
Steuben
Steuben's
Strindberg
Strindberg's
Sunbeam
Sunbeam's
Sunbelt
Tarbell
Tarbell's
Thebes
Thurber
Thurber's
Tiber
Tiber's
Tiberius
Tiberius's
Tibet
Tibet's
Tibetan
Tibetans
Tinkerbell
Tinkerbell's
Toynbee
Toynbee's
Uzbek
Uzbek's
Uzbekistan
Weber
Weber's
Webern
Webern's
Weinberg
Weinberg's
Wilberforce
Wilberforce's
Wilbert
Wilbert's
Wobegon
Wobegon's
Zambezi
Zambezi's
Zebedee
Zebedee's
Zubenelgenubi
Zubenelgenubi's
Zubeneschamali
Zubeneschamali's
abbess
abbess's
abbesses
abbey
abbey's
abbeys
abeam
abed
aberrant
aberration
aberration's
aberrations
abet
abets
abetted
abetter
abetters
abetting
abettor
abettor's
abettors
abeyance
abeyance's
absorbed
absorbency
absorbency's
absorbent
absorbents
adobe
adobe's
adobes
albeit
alphabet
alphabet's
alphabeted
alphabetic
alphabetical
alphabetically
alphabeting
alphabetize
alphabetized
alphabetizes
alphabetizing
alphabets
amber
amber's
ambergris
ambergris's
antebellum
antechamber
antechamber's
antechambers
arabesque
arabesque's
arabesques
asbestos
asbestos's
ascribe
ascribed
ascribes
babe
babe's
babel
babels
babes
barbecue
barbecue's
barbecued
barbecues
barbecuing
barbed
barbell
barbell's
barbells
barber
barber's
barbered
barbering
barberries
barberry
barberry's
barbers
barbershop
barbershop's
barbershops
bathrobe
bathrobe's
bathrobes
bayberries
bayberry
bayberry's
be
beach
beach's
beachcomber
beachcomber's
beachcombers
beached
beaches
beachhead
beachhead's
beachheads
beaching
beacon
beacon's
beacons
bead
bead's
beaded
beadier
beadiest
beading
beads
beady
beagle
beagle's
beagled
beagles
beagling
beak
beak's
beaked
beaker
beaker's
beakers
beaks
beam
beam's
beamed
beaming
beams
bean
bean's
beanbag
beanbag's
beanbags
beaned
beaning
beans
bear
bearable
beard
beard's
bearded
bearding
beards
bearer
bearer's
bearers
bearing
bearing's
bearings
bearish
bears
bearskin
bearskin's
bearskins
beast
beast's
beastlier
beastliest
beastliness
beastliness's
beastly
beasts
beat
beaten
beater
beater's
beaters
beatific
beatification
beatification's
beatifications
beatified
beatifies
beatify
beatifying
beating
beating's
beatings
beatitude
beatitude's
beatitudes
beatnik
beatnik's
beatniks
beats
beau
beau's
beaus
beauteous
beauteously
beautician
beautician's
beauticians
beauties
beautification
beautification's
beautified
beautifier
beautifier's
beautifiers
beautifies
beautiful
beautifuler
beautifulest
beautifully
beautify
beautifying
beauty
beauty's
beaux
beaux's
beaver
beaver's
beavered
beavering
beavers
bebop
bebop's
bebops
becalm
becalmed
becalming
becalms
became
because
beck
beck's
beckon
beckoned
beckoning
beckons
becks
become
becomes
becoming
becomingly
becomings
bed
bed's
bedazzle
bedazzled
bedazzles
bedazzling
bedbug
bedbug's
bedbugs
bedclothes
bedded
bedder
bedder's
bedding
bedding's
bedeck
bedecked
bedecking
bedecks
bedevil
bedeviled
bedeviling
bedevilled
bedevilling
bedevilment
bedevilment's
bedevils
bedfellow
bedfellow's
bedfellows
bedlam
bedlam's
bedlams
bedpan
bedpan's
bedpans
bedraggle
bedraggled
bedraggles
bedraggling
bedridden
bedrock
bedrock's
bedrocks
bedroll
bedroll's
bedrolls
bedroom
bedroom's
bedrooms
beds
bedside
bedside's
bedsides
bedsore
bedsore's
bedsores
bedspread
bedspread's
bedspreads
bedstead
bedstead's
bedsteads
bedtime
bedtime's
bedtimes
bee
bee's
beech
beech's
beeches
beechnut
beechnut's
beechnuts
beef
beef's
beefburger
beefburger's
beefed
beefier
beefiest
beefing
beefs
beefsteak
beefsteak's
beefsteaks
beefy
beehive
beehive's
beehives
beekeeper
beekeeper's
beekeepers
beekeeping
beekeeping's
beeline
beeline's
beelined
beelines
beelining
been
beep
beep's
beeped
beeper
beeper's
beepers
beeping
beeps
beer
beer's
beers
bees
beeswax
beeswax's
beet
beet's
beetle
beetle's
beetled
beetles
beetling
beets
beeves
beeves's
befall
befallen
befalling
befalls
befell
befit
befits
befitted
befitting
befog
befogged
befogging
befogs
before
beforehand
befoul
befouled
befouling
befouls
befriend
befriended
befriending
befriends
befuddle
befuddled
befuddles
befuddling
beg
began
beget
begets
begetting
beggar
beggar's
beggared
beggaring
beggarly
beggars
begged
begging
begin
beginner
beginner's
beginners
beginning
beginning's
beginnings
begins
begone
begonia
begonia's
begonias
begot
begotten
begrudge
begrudged
begrudges
begrudging
begrudgingly
begs
beguile
beguiled
beguiles
beguiling
beguilingly
begun
behalf
behalf's
behalves
behave
behaved
behaves
behaving
behavior
behavior's
behavioral
behead
beheaded
beheading
beheads
beheld
behemoth
behemoth's
behemoths
behest
behest's
behests
behind
behinds
behold
beholden
beholder
beholder's
beholders
beholding
beholds
behoove
behooved
behooves
behooving
beige
beige's
being
being's
beings
belabor
belabored
belaboring
belabors
belated
belatedly
belay
belayed
belaying
belays
belch
belched
belches
belching
beleaguer
beleaguered
beleaguering
beleaguers
belfries
belfry
belfry's
belie
belied
belief
belief's
beliefs
belies
believable
believe
believed
believer
believer's
believers
believes
believing
belittle
belittled
belittles
belittling
bell
bell's
belladonna
belladonna's
bellboy
bellboy's
bellboys
belle
belle's
belled
belles
bellhop
bellhop's
bellhops
bellicose
bellicosity
bellicosity's
bellied
bellies
belligerence
belligerence's
belligerency
belligerency's
belligerent
belligerently
belligerents
belling
bellow
bellowed
bellowing
bellows
bellows's
bells
bellwether
bellwether's
bellwethers
belly
belly's
bellyache
bellyache's
bellyached
bellyaches
bellyaching
bellybutton
bellybutton's
bellybuttons
bellyful
bellyful's
bellyfuls
bellying
belong
belonged
belonging
belonging's
belongings
belongs
beloved
beloveds
below
belows
belt
belt's
belted
belting
belts
beltway
beltway's
beltways
belying
bemoan
bemoaned
bemoaning
bemoans
bemuse
bemused
bemuses
bemusing
bench
bench's
benched
benches
benching
benchmark
benchmark's
benchmarks
bend
bender
bender's
bending
bends
beneath
benediction
benediction's
benedictions
benefaction
benefaction's
benefactions
benefactor
benefactor's
benefactors
benefactress
benefactresses
benefice
benefice's
beneficence
beneficence's
beneficent
beneficently
benefices
beneficial
beneficially
beneficiaries
beneficiary
beneficiary's
benefit
benefit's
benefited
benefiting
benefits
benefitted
benefitting
benevolence
benevolence's
benevolences
benevolent
benevolently
benighted
benign
benignly
bent
bents
benumb
benumbed
benumbing
benumbs
benzene
benzene's
bequeath
bequeathed
bequeathing
bequeaths
bequest
bequest's
bequests
berate
berated
berates
berating
bereave
bereaved
bereavement
bereavement's
bereavements
bereaves
bereaving
bereft
beret
beret's
berets
berg
berg's
bergs
beriberi
beriberi's
berm
berm's
berms
berried
berries
berry
berry's
berrying
berserk
berth
berth's
berthed
berthing
berths
beryl
beryl's
beryllium
beryllium's
beryls
beseech
beseeched
beseeches
beseeching
beset
besets
besetting
beside
besides
besiege
besieged
besieger
besieger's
besiegers
besieges
besieging
besmirch
besmirched
besmirches
besmirching
besom
besom's
besomed
besoming
besoms
besot
besots
besotted
besotting
besought
bespeak
bespeaking
bespeaks
bespoke
bespoken
best
bested
bestial
bestiality
bestiality's
bestiaries
bestiary
bestiary's
besting
bestir
bestirred
bestirring
bestirs
bestow
bestowal
bestowal's
bestowals
bestowed
bestowing
bestows
bestrid
bestridden
bestride
bestrides
bestriding
bestrode
bests
bestseller
bestsellers
bet
bet's
beta
beta's
betake
betaken
betakes
betaking
betas
betcha
bethink
bethinking
bethinks
bethought
betide
betided
betides
betiding
betoken
betokened
betokening
betokens
betook
betray
betrayal
betrayal's
betrayals
betrayed
betrayer
betrayer's
betrayers
betraying
betrays
betroth
betrothal
betrothal's
betrothals
betrothed
betrothing
betroths
bets
betted
better
bettered
bettering
betterment
betterment's
betters
betting
bettor
bettor's
bettors
between
betwixt
bevel
bevel's
beveled
beveling
bevelled
bevelling
bevels
beverage
beverage's
beverages
bevies
bevy
bevy's
bewail
bewailed
bewailing
bewails
beware
bewared
bewares
bewaring
bewilder
bewildered
bewildering
bewilderment
bewilderment's
bewilders
bewitch
bewitched
bewitches
bewitching
beyond
beyonds
blabbed
blabbermouth
blabbermouth's
blabbermouths
blackberries
blackberry
blackberry's
blackberrying
blobbed
blubber
blubbered
blubbering
blubbers
bluebell
bluebell's
bluebells
blueberries
blueberry
blueberry's
bobbed
bombed
bomber
bomber's
bombers
boobed
boysenberries
boysenberry
boysenberry's
bribe
bribed
bribery
bribery's
bribes
browbeat
browbeaten
browbeating
browbeats
bugbear
bugbear's
bugbears
bulbed
bumblebee
bumblebee's
bumblebees
buncombe
buncombe's
cabbed
caliber
caliber's
calibers
camber
camber's
cambered
cambering
cambers
cerebella
cerebellum
cerebellum's
cerebellums
chamber
chamber's
chamberlain
chamberlain's
chamberlains
chambermaid
chambermaid's
chambermaids
chambers
childbearing
childbearing's
circumscribe
circumscribed
circumscribes
clamber
clambered
clambering
clambers
climbed
climber
climber's
climbers
clobber
clobbered
clobbering
clobbers
clubbed
clubbed's
cobbed
combed
confabbed
crabbed
cranberries
cranberry
cranberry's
cribbed
crossbeam
crossbeam's
crossbeams
crumbed
cube
cube's
cubed
cubes
cucumber
cucumber's
cucumbers
cumbersome
curbed
currycombed
cybernetic
cybernetics
cybernetics's
cyberpunk
cyberpunks
cyberspace
dabbed
daubed
dauber
dauber's
daubers
daybed
daybeds
deadbeat
deadbeat's
deadbeats
deathbed
deathbed's
deathbeds
debenture
debenture's
debentures
decibel
decibel's
decibels
deliberate
deliberated
deliberately
deliberates
deliberating
deliberation
deliberation's
deliberations
describe
described
describes
dewberries
dewberry
dewberry's
diabetes
diabetes's
diabetic
diabetics
diatribe
diatribe's
diatribes
disbelief
disbelief's
disbelieve
disbelieved
disbelieves
disbelieving
disencumber
disencumbered
disencumbering
disencumbers
dismember
dismembered
dismembering
dismemberment
dismemberment's
dismembers
disobedience
disobedience's
disobedient
disobediently
disobey
disobeyed
disobeying
disobeys
disrobe
disrobed
disrobes
disturbed
doorbell
doorbell's
doorbells
downbeat
downbeat's
downbeats
drabber
drabbest
drubbed
dubbed
dumbbell
dumbbell's
dumbbells
dumbed
dumber
dumbest
earlobe
earlobes
ebbed
eggbeater
eggbeater's
eggbeaters
elderberries
elderberry
elderberry's
embed
embedded
embedding
embedding's
embeds
embellish
embellished
embellishes
embellishing
embellishment
embellishment's
embellishments
ember
ember's
embers
embezzle
embezzled
embezzlement
embezzlement's
embezzler
embezzler's
embezzlers
embezzles
embezzling
encumber
encumbered
encumbering
encumbers
entombed
exuberance
exuberance's
exuberant
exuberantly
featherbedding
featherbedding's
fibbed
fibber
fibber's
fibbers
fiber
fiber's
fiberboard
fiberboard's
fiberglass
fiberglass's
fibers
filbert
filbert's
filberts
firebombed
flabbergast
flabbergasted
flabbergasting
flabbergasts
flambeing
flambes
flatbed
flatbeds
flibbertigibbet
flibbertigibbet's
flibbertigibbets
flowerbed
flowerbed's
flowerbeds
flubbed
fobbed
forbear
forbearance
forbearance's
forbearing
forbears
forebear
forebear's
forebears
freebee
freebees
furbelow
furbelow's
gabbed
gaberdine
gaberdine's
gaberdines
garbed
gibber
gibbered
gibbering
gibberish
gibberish's
gibbers
gibbet
gibbet's
gibbeted
gibbeting
gibbets
gibe
gibed
gibes
glibber
glibbest
globe
globe's
globed
globes
globetrotter
globetrotter's
globetrotters
gobbed
goober
goober's
goobers
gooseberries
gooseberry
gooseberry's
grabbed
grabber
graybeard
graybeard's
graybeards
grebe
grebe's
grebes
grosbeak
grosbeak's
grosbeaks
grubbed
gubernatorial
gybe
gybed
gybes
haberdasher
haberdasher's
haberdasheries
haberdashers
haberdashery
haberdashery's
halberd
halberd's
halberds
heartbeat
heartbeat's
heartbeats
hibernate
hibernated
hibernates
hibernating
hibernation
hibernation's
hobnobbed
honeybee
honeybee's
honeybees
honeycombed
hotbed
hotbed's
hotbeds
huckleberries
huckleberry
huckleberry's
ibex
ibex's
ibexes
iceberg
iceberg's
icebergs
illiberal
imbecile
imbecile's
imbeciles
imbecilic
imbecilities
imbecility
imbecility's
imbed
imbedded
imbedding
imbeds
imbibe
imbibed
imbibes
incumbencies
incumbency
incumbency's
incumbent
incumbents
inscribe
inscribed
inscribes
jabbed
jabber
jabbered
jabberer
jabberer's
jabberers
jabbering
jabbers
jambed
jellybean
jellybean's
jellybeans
jibbed
jibe
jibed
jibes
jobbed
jobber
jobber's
jobbers
jujube
jujube's
jujubes
label
label's
labeled
labeling
labelled
labelling
labels
lambed
lambent
landlubber
landlubber's
landlubbers
libbed
libel
libel's
libeled
libeler
libeler's
libelers
libeling
libelled
libeller
libellers
libelling
libellous
libelous
libels
liberal
liberalism
liberalism's
liberality
liberality's
liberalization
liberalization's
liberalizations
liberalize
liberalized
liberalizes
liberalizing
liberally
liberals
liberate
liberated
liberates
liberating
liberation
liberation's
liberator
liberator's
liberators
libertarian
libertarian's
libertarians
liberties
libertine
libertine's
libertines
liberty
liberty's
limber
limbered
limberer
limberest
limbering
limbers
lobbed
lobe
lobe's
lobed
lobes
loganberries
loganberry
loganberry's
lubber
lubber's
lubbers
lube
lube's
lubed
lubes
lumber
lumber's
lumbered
lumbering
lumbering's
lumberjack
lumberjack's
lumberjacks
lumberman
lumberman's
lumbermen
lumbers
lumberyard
lumberyard's
lumberyards
maybe
maybes
member
member's
members
membership
membership's
memberships
microbe
microbe's
microbes
misbegotten
misbehave
misbehaved
misbehaves
misbehaving
misbehavior
misbehavior's
mobbed
moonbeam
moonbeam's
moonbeams
mulberries
mulberry
mulberry's
nabbed
nibbed
nightclubbed
nonabsorbent
nonabsorbents
nonbeliever
nonbeliever's
nonbelievers
nonmember
nonmember's
nonmembers
numbed
number
number's
numbered
numbering
numberless
numbers
numbest
obedience
obedience's
obedient
obediently
obeisance
obeisance's
obeisances
obeisant
obelisk
obelisk's
obelisks
obese
obesity
obesity's
obey
obeyed
obeying
obeys
offbeat
offbeat's
offbeats
outnumber
outnumbered
outnumbering
outnumbers
overbear
overbearing
overbears
pallbearer
pallbearer's
pallbearers
perturbed
phoebe
phoebe's
phoebes
plebeian
plebeians
plumbed
plumber
plumber's
plumbers
potbellied
potbellies
potbelly
potbelly's
prefabbed
prescribe
prescribed
prescribes
probe
probed
probes
proscribe
proscribed
proscribes
protuberance
protuberances
protuberant
pubbed
puberty
puberty's
pubescence
pubescent
raspberries
raspberry
raspberry's
rebel
rebelled
rebelling
rebellion
rebellion's
rebellions
rebellious
rebelliously
rebelliousness
rebelliousness's
rebels
recumbent
rehabbed
relabel
relabeled
relabeling
relabelled
relabelling
relabels
remember
remembered
remembering
remembers
renumber
renumbered
renumbering
renumbers
reverberate
reverberated
reverberates
reverberating
reverberation
reverberation's
reverberations
ribbed
riverbed
riverbeds
roadbed
roadbed's
roadbeds
robbed
robber
robber's
robberies
robbers
robbery
robbery's
robe
robe's
robed
robes
rubbed
rubber
rubber's
rubberier
rubberiest
rubberize
rubberized
rubberizes
rubberizing
rubberneck
rubberneck's
rubbernecked
rubbernecking
rubbernecks
rubbers
rubbery
rube
rube's
rubella
rubella's
rubes
saber
saber's
sabers
scabbed
scribe
scribe's
scribes
scrubbed
scrubber
scrubber's
scrubbers
seabed
seabeds
sherbet
sherbet's
sherbets
shrubbed
shrubberies
shrubbery
shrubbery's
sickbed
sickbeds
slabbed
slobber
slobbered
slobbering
slobbers
slumber
slumbered
slumbering
slumberous
slumbers
snobbery
snobbery's
snubbed
sobbed
sober
sobered
soberer
soberest
sobering
soberly
soberness
soberness's
sobers
somber
somberly
sorbet
sorbet's
sorbets
soybean
soybean's
soybeans
squabbed
stabbed
strawberries
strawberry
strawberry's
strobe
strobe's
strobes
stubbed
subbed
subscribe
subscribed
subscriber
subscriber's
subscribers
subscribes
succumbed
sunbeam
sunbeam's
sunbeams
superber
superbest
swabbed
tabbed
tabernacle
tabernacle's
tabernacles
throbbed
thumbed
timber
timber's
timbered
timberland
timberland's
timberline
timberlines
timbers
tombed
transcribe
transcribed
transcribes
tribe
tribe's
tribes
tribesman
tribesman's
tribesmen
tube
tube's
tubed
tubeless
tuber
tuber's
tubercle
tubercle's
tubercles
tubercular
tuberculosis
tuberculosis's
tuberculous
tuberous
tubers
tubes
umbel
umbel's
umbels
umber
umber's
unbearable
unbearably
unbeatable
unbeaten
unbecoming
unbeknown
unbeknownst
unbelief
unbelief's
unbelievable
unbelievably
unbeliever
unbeliever's
unbelievers
unbend
unbending
unbends
unbent
underbellies
underbelly
underbelly's
undisturbed
unlabeled
unnumbered
unperturbed
unplumbed
upbeat
upbeat's
upbeats
verbena
verbena's
verbenas
vibe
vibes
wannabe
wannabes
wardrobe
wardrobe's
wardrobes
waterbed
waterbeds
webbed
wildebeest
wildebeest's
wildebeests
woebegone
workbench
workbench's
workbenches
